# JRE version: OpenJDK Runtime Environment (25.0.2) (build 25.0.2+-15348964-b329.117)
# Java VM: OpenJDK 64-Bit Server VM (25.0.2+-15348964-b329.117, mixed mode, tiered, compressed oops, compressed class ptrs, g1 gc, windows-amd64)
GC Precious Log:
 CardTable entry size: 512
 Card Set container configuration: InlinePtr #cards 4 size 8 Array Of Cards #cards 16 size 48 Howl #buckets 8 coarsen threshold 3686 Howl Bitmap #cards 512 size 80 coarsen threshold 460 Card regions per heap region 1 cards per card region 4096
 CPUs: 4 total, 4 available
 Memory: 3906M
 Large Page Support: Disabled
 NUMA Support: Disabled
 Compressed Oops: Enabled (Zero based)
 Heap Region Size: 2M
 Heap Min Capacity: 8M
 Heap Initial Capacity: 62M
 Heap Max Capacity: 3G
 Pre-touch: Disabled
 Parallel Workers: 4
 Concurrent Workers: 1
 Concurrent Refinement Workers: 4
 Periodic GC: Disabled
Heap:
 garbage-first heap   total reserved 3145728K, committed 69632K, used 39320K [0x0000000740000000, 0x0000000800000000)
  region size 2048K, 5 young (10240K), 2 survivors (4096K)
GC Heap Usage History (20 events):
Event: 5.951 {heap Before GC invocations=0 (full 0):
 garbage-first heap   total reserved 3145728K, committed 63488K, used 30720K [0x0000000740000000, 0x0000000800000000)
  region size 2048K, 14 young (28672K), 0 survivors (0K)
}
Event: 5.992 {heap After GC invocations=1 (full 0):
 garbage-first heap   total reserved 3145728K, committed 63488K, used 11200K [0x0000000740000000, 0x0000000800000000)
  region size 2048K, 2 young (4096K), 2 survivors (4096K)
}
Event: 9.296 {heap Before GC invocations=1 (full 0):
 garbage-first heap   total reserved 3145728K, committed 63488K, used 31680K [0x0000000740000000, 0x0000000800000000)
  region size 2048K, 12 young (24576K), 2 survivors (4096K)
}
Event: 9.311 {heap After GC invocations=2 (full 0):
 garbage-first heap   total reserved 3145728K, committed 63488K, used 12578K [0x0000000740000000, 0x0000000800000000)
  region size 2048K, 1 young (2048K), 1 survivors (2048K)
}
Event: 11.655 {heap Before GC invocations=2 (full 0):
 garbage-first heap   total reserved 3145728K, committed 63488K, used 35106K [0x0000000740000000, 0x0000000800000000)
  region size 2048K, 13 young (26624K), 1 survivors (2048K)
}
Event: 11.662 {heap After GC invocations=3 (full 0):
 garbage-first heap   total reserved 3145728K, committed 63488K, used 16831K [0x0000000740000000, 0x0000000800000000)
  region size 2048K, 2 young (4096K), 2 survivors (4096K)
}
Event: 12.679 {heap Before GC invocations=3 (full 0):
 garbage-first heap   total reserved 3145728K, committed 63488K, used 39359K [0x0000000740000000, 0x0000000800000000)
  region size 2048K, 14 young (28672K), 2 survivors (4096K)
}
Event: 12.688 {heap After GC invocations=4 (full 0):
 garbage-first heap   total reserved 3145728K, committed 63488K, used 19841K [0x0000000740000000, 0x0000000800000000)
  region size 2048K, 2 young (4096K), 2 survivors (4096K)
}
Event: 13.841 {heap Before GC invocations=4 (full 0):
 garbage-first heap   total reserved 3145728K, committed 63488K, used 30081K [0x0000000740000000, 0x0000000800000000)
  region size 2048K, 8 young (16384K), 2 survivors (4096K)
}
Event: 13.850 {heap After GC invocations=5 (full 0):
 garbage-first heap   total reserved 3145728K, committed 63488K, used 21574K [0x0000000740000000, 0x0000000800000000)
  region size 2048K, 2 young (4096K), 2 survivors (4096K)
}
Event: 16.685 {heap Before GC invocations=6 (full 0):
 garbage-first heap   total reserved 3145728K, committed 63488K, used 46150K [0x0000000740000000, 0x0000000800000000)
  region size 2048K, 15 young (30720K), 2 survivors (4096K)
}
Event: 16.697 {heap After GC invocations=7 (full 0):
 garbage-first heap   total reserved 3145728K, committed 63488K, used 22999K [0x0000000740000000, 0x0000000800000000)
  region size 2048K, 2 young (4096K), 2 survivors (4096K)
}
Event: 21.581 {heap Before GC invocations=7 (full 0):
 garbage-first heap   total reserved 3145728K, committed 63488K, used 49623K [0x0000000740000000, 0x0000000800000000)
  region size 2048K, 15 young (30720K), 2 survivors (4096K)
}
Event: 21.605 {heap After GC invocations=8 (full 0):
 garbage-first heap   total reserved 3145728K, committed 63488K, used 23847K [0x0000000740000000, 0x0000000800000000)
  region size 2048K, 2 young (4096K), 2 survivors (4096K)
}
Event: 23.652 {heap Before GC invocations=8 (full 0):
 garbage-first heap   total reserved 3145728K, committed 63488K, used 50471K [0x0000000740000000, 0x0000000800000000)
  region size 2048K, 15 young (30720K), 2 survivors (4096K)
}
Event: 23.671 {heap After GC invocations=9 (full 0):
 garbage-first heap   total reserved 3145728K, committed 63488K, used 25790K [0x0000000740000000, 0x0000000800000000)
  region size 2048K, 2 young (4096K), 2 survivors (4096K)
}
Event: 24.841 {heap Before GC invocations=9 (full 0):
 garbage-first heap   total reserved 3145728K, committed 63488K, used 40126K [0x0000000740000000, 0x0000000800000000)
  region size 2048K, 10 young (20480K), 2 survivors (4096K)
}
Event: 24.854 {heap After GC invocations=10 (full 0):
 garbage-first heap   total reserved 3145728K, committed 63488K, used 26741K [0x0000000740000000, 0x0000000800000000)
  region size 2048K, 2 young (4096K), 2 survivors (4096K)
}
Event: 27.546 {heap Before GC invocations=11 (full 0):
 garbage-first heap   total reserved 3145728K, committed 63488K, used 57461K [0x0000000740000000, 0x0000000800000000)
  region size 2048K, 15 young (30720K), 2 survivors (4096K)
}
Event: 27.563 {heap After GC invocations=12 (full 0):
 garbage-first heap   total reserved 3145728K, committed 69632K, used 37272K [0x0000000740000000, 0x0000000800000000)
  region size 2048K, 2 young (4096K), 2 survivors (4096K)
}

