# JRE version: OpenJDK Runtime Environment (25.0.2) (build 25.0.2+-15348964-b329.117)
# Java VM: OpenJDK 64-Bit Server VM (25.0.2+-15348964-b329.117, mixed mode, tiered, compressed oops, compressed class ptrs, g1 gc, windows-amd64)
GC Precious Log:
 CardTable entry size: 512
 Card Set container configuration: InlinePtr #cards 4 size 8 Array Of Cards #cards 16 size 48 Howl #buckets 8 coarsen threshold 3686 Howl Bitmap #cards 512 size 80 coarsen threshold 460 Card regions per heap region 1 cards per card region 4096
 CPUs: 4 total, 4 available
 Memory: 3906M
 Large Page Support: Disabled
 NUMA Support: Disabled
 Compressed Oops: Enabled (Zero based)
 Heap Region Size: 2M
 Heap Min Capacity: 8M
 Heap Initial Capacity: 62M
 Heap Max Capacity: 3G
 Pre-touch: Disabled
 Parallel Workers: 4
 Concurrent Workers: 1
 Concurrent Refinement Workers: 4
 Periodic GC: Disabled
Heap:
 garbage-first heap   total reserved 3145728K, committed 63488K, used 45492K [0x0000000740000000, 0x0000000800000000)
  region size 2048K, 11 young (22528K), 2 survivors (4096K)
GC Heap Usage History (20 events):
Event: 8.123 {heap Before GC invocations=3 (full 0):
 garbage-first heap   total reserved 3145728K, committed 63488K, used 41168K [0x0000000740000000, 0x0000000800000000)
  region size 2048K, 14 young (28672K), 2 survivors (4096K)
}
Event: 8.133 {heap After GC invocations=4 (full 0):
 garbage-first heap   total reserved 3145728K, committed 63488K, used 19232K [0x0000000740000000, 0x0000000800000000)
  region size 2048K, 2 young (4096K), 2 survivors (4096K)
}
Event: 9.561 {heap Before GC invocations=4 (full 0):
 garbage-first heap   total reserved 3145728K, committed 63488K, used 29472K [0x0000000740000000, 0x0000000800000000)
  region size 2048K, 8 young (16384K), 2 survivors (4096K)
}
Event: 9.575 {heap After GC invocations=5 (full 0):
 garbage-first heap   total reserved 3145728K, committed 63488K, used 20560K [0x0000000740000000, 0x0000000800000000)
  region size 2048K, 2 young (4096K), 2 survivors (4096K)
}
Event: 13.714 {heap Before GC invocations=6 (full 0):
 garbage-first heap   total reserved 3145728K, committed 63488K, used 47184K [0x0000000740000000, 0x0000000800000000)
  region size 2048K, 15 young (30720K), 2 survivors (4096K)
}
Event: 13.731 {heap After GC invocations=7 (full 0):
 garbage-first heap   total reserved 3145728K, committed 63488K, used 22050K [0x0000000740000000, 0x0000000800000000)
  region size 2048K, 2 young (4096K), 2 survivors (4096K)
}
Event: 18.001 {heap Before GC invocations=7 (full 0):
 garbage-first heap   total reserved 3145728K, committed 63488K, used 48674K [0x0000000740000000, 0x0000000800000000)
  region size 2048K, 15 young (30720K), 2 survivors (4096K)
}
Event: 18.017 {heap After GC invocations=8 (full 0):
 garbage-first heap   total reserved 3145728K, committed 63488K, used 23467K [0x0000000740000000, 0x0000000800000000)
  region size 2048K, 2 young (4096K), 2 survivors (4096K)
}
Event: 21.105 {heap Before GC invocations=8 (full 0):
 garbage-first heap   total reserved 3145728K, committed 63488K, used 50091K [0x0000000740000000, 0x0000000800000000)
  region size 2048K, 15 young (30720K), 2 survivors (4096K)
}
Event: 21.125 {heap After GC invocations=9 (full 0):
 garbage-first heap   total reserved 3145728K, committed 63488K, used 25855K [0x0000000740000000, 0x0000000800000000)
  region size 2048K, 2 young (4096K), 2 survivors (4096K)
}
Event: 22.115 {heap Before GC invocations=9 (full 0):
 garbage-first heap   total reserved 3145728K, committed 63488K, used 38143K [0x0000000740000000, 0x0000000800000000)
  region size 2048K, 9 young (18432K), 2 survivors (4096K)
}
Event: 22.133 {heap After GC invocations=10 (full 0):
 garbage-first heap   total reserved 3145728K, committed 63488K, used 26166K [0x0000000740000000, 0x0000000800000000)
  region size 2048K, 2 young (4096K), 2 survivors (4096K)
}
Event: 23.123 {heap Before GC invocations=11 (full 0):
 garbage-first heap   total reserved 3145728K, committed 63488K, used 50742K [0x0000000740000000, 0x0000000800000000)
  region size 2048K, 15 young (30720K), 2 survivors (4096K)
}
Event: 23.143 {heap After GC invocations=12 (full 0):
 garbage-first heap   total reserved 3145728K, committed 63488K, used 27986K [0x0000000740000000, 0x0000000800000000)
  region size 2048K, 2 young (4096K), 2 survivors (4096K)
}
Event: 24.560 {heap Before GC invocations=12 (full 0):
 garbage-first heap   total reserved 3145728K, committed 63488K, used 52562K [0x0000000740000000, 0x0000000800000000)
  region size 2048K, 14 young (28672K), 2 survivors (4096K)
}
Event: 24.585 {heap After GC invocations=13 (full 0):
 garbage-first heap   total reserved 3145728K, committed 63488K, used 28699K [0x0000000740000000, 0x0000000800000000)
  region size 2048K, 2 young (4096K), 2 survivors (4096K)
}
Event: 25.525 {heap Before GC invocations=13 (full 0):
 garbage-first heap   total reserved 3145728K, committed 63488K, used 55323K [0x0000000740000000, 0x0000000800000000)
  region size 2048K, 15 young (30720K), 2 survivors (4096K)
}
Event: 25.536 {heap After GC invocations=14 (full 0):
 garbage-first heap   total reserved 3145728K, committed 63488K, used 29644K [0x0000000740000000, 0x0000000800000000)
  region size 2048K, 2 young (4096K), 2 survivors (4096K)
}
Event: 26.133 {heap Before GC invocations=14 (full 0):
 garbage-first heap   total reserved 3145728K, committed 63488K, used 52172K [0x0000000740000000, 0x0000000800000000)
  region size 2048K, 14 young (28672K), 2 survivors (4096K)
}
Event: 26.154 {heap After GC invocations=15 (full 0):
 garbage-first heap   total reserved 3145728K, committed 63488K, used 31156K [0x0000000740000000, 0x0000000800000000)
  region size 2048K, 2 young (4096K), 2 survivors (4096K)
}

